This file contains any messages produced by compilers while
running configure, to aid debugging if configure makes a mistake.

It was created by irssi configure 1.4.5, which was
generated by GNU Autoconf 2.71.  Invocation command line was

  $ ./configure

## --------- ##
## Platform. ##
## --------- ##

hostname = codespaces-e4ac3b
uname -m = x86_64
uname -r = 6.5.0-1025-azure
uname -s = Linux
uname -v = #26~22.04.1-Ubuntu SMP Thu Jul 11 22:33:04 UTC 2024

/usr/bin/uname -p = x86_64
/bin/uname -X     = unknown

/bin/arch              = x86_64
/usr/bin/arch -k       = unknown
/usr/convex/getsysinfo = unknown
/usr/bin/hostinfo      = unknown
/bin/machine           = unknown
/usr/bin/oslevel       = unknown
/bin/universe          = unknown

PATH: /usr/local/rvm/gems/ruby-3.3.4/bin/
PATH: /usr/local/rvm/gems/ruby-3.3.4@global/bin/
PATH: /usr/local/rvm/rubies/ruby-3.3.4/bin/
PATH: /vscode/bin/linux-x64/fabdb6a30b49f79a7aba0f2ad9df9b399473380f/bin/remote-cli/
PATH: /home/codespace/.local/bin/
PATH: /home/codespace/.dotnet/
PATH: /home/codespace/nvm/current/bin/
PATH: /home/codespace/.php/current/bin/
PATH: /home/codespace/.python/current/bin/
PATH: /home/codespace/java/current/bin/
PATH: /home/codespace/.ruby/current/bin/
PATH: /home/codespace/.local/bin/
PATH: /usr/local/python/current/bin/
PATH: /usr/local/py-utils/bin/
PATH: /usr/local/oryx/
PATH: /usr/local/go/bin/
PATH: /go/bin/
PATH: /usr/local/sdkman/bin/
PATH: /usr/local/sdkman/candidates/java/current/bin/
PATH: /usr/local/sdkman/candidates/gradle/current/bin/
PATH: /usr/local/sdkman/candidates/maven/current/bin/
PATH: /usr/local/sdkman/candidates/ant/current/bin/
PATH: /usr/local/rvm/gems/default/bin/
PATH: /usr/local/rvm/gems/default@global/bin/
PATH: /usr/local/rvm/rubies/default/bin/
PATH: /usr/local/share/rbenv/bin/
PATH: /usr/local/php/current/bin/
PATH: /opt/conda/bin/
PATH: /usr/local/nvs/
PATH: /usr/local/share/nvm/versions/node/v20.17.0/bin/
PATH: /usr/local/hugo/bin/
PATH: /usr/local/sbin/
PATH: /usr/local/bin/
PATH: /usr/sbin/
PATH: /usr/bin/
PATH: /sbin/
PATH: /bin/
PATH: /usr/share/dotnet/
PATH: /home/codespace/.dotnet/tools/
PATH: /usr/local/rvm/bin/


## ----------- ##
## Core tests. ##
## ----------- ##

configure:2822: looking for aux files: config.guess config.sub ltmain.sh compile missing install-sh
configure:2835:  trying ./build-aux/
configure:2864:   ./build-aux/config.guess found
configure:2864:   ./build-aux/config.sub found
configure:2864:   ./build-aux/ltmain.sh found
configure:2864:   ./build-aux/compile found
configure:2864:   ./build-aux/missing found
configure:2846:   ./build-aux/install-sh found
configure:3000: checking for a BSD-compatible install
configure:3073: result: /usr/bin/install -c
configure:3084: checking whether build environment is sane
configure:3139: result: yes
configure:3296: checking for a race-free mkdir -p
configure:3340: result: /usr/bin/mkdir -p
configure:3347: checking for gawk
configure:3368: found /usr/bin/gawk
configure:3379: result: gawk
configure:3390: checking whether make sets $(MAKE)
configure:3413: result: yes
configure:3443: checking whether make supports nested variables
configure:3461: result: yes
configure:3605: checking whether make supports nested variables
configure:3623: result: yes
configure:3636: checking whether to enable maintainer-specific portions of Makefiles
configure:3646: result: no
configure:3722: checking for gcc
configure:3743: found /usr/bin/gcc
configure:3754: result: gcc
configure:4107: checking for C compiler version
configure:4116: gcc --version >&5
gcc (Ubuntu 9.4.0-1ubuntu1~20.04.2) 9.4.0
Copyright (C) 2019 Free Software Foundation, Inc.
This is free software; see the source for copying conditions.  There is NO
warranty; not even for MERCHANTABILITY or FITNESS FOR A PARTICULAR PURPOSE.

configure:4127: $? = 0
configure:4116: gcc -v >&5
Using built-in specs.
COLLECT_GCC=gcc
COLLECT_LTO_WRAPPER=/usr/lib/gcc/x86_64-linux-gnu/9/lto-wrapper
OFFLOAD_TARGET_NAMES=nvptx-none:hsa
OFFLOAD_TARGET_DEFAULT=1
Target: x86_64-linux-gnu
Configured with: ../src/configure -v --with-pkgversion='Ubuntu 9.4.0-1ubuntu1~20.04.2' --with-bugurl=file:///usr/share/doc/gcc-9/README.Bugs --enable-languages=c,ada,c++,go,brig,d,fortran,objc,obj-c++,gm2 --prefix=/usr --with-gcc-major-version-only --program-suffix=-9 --program-prefix=x86_64-linux-gnu- --enable-shared --enable-linker-build-id --libexecdir=/usr/lib --without-included-gettext --enable-threads=posix --libdir=/usr/lib --enable-nls --enable-clocale=gnu --enable-libstdcxx-debug --enable-libstdcxx-time=yes --with-default-libstdcxx-abi=new --enable-gnu-unique-object --disable-vtable-verify --enable-plugin --enable-default-pie --with-system-zlib --with-target-system-zlib=auto --enable-objc-gc=auto --enable-multiarch --disable-werror --with-arch-32=i686 --with-abi=m64 --with-multilib-list=m32,m64,mx32 --enable-multilib --with-tune=generic --enable-offload-targets=nvptx-none=/build/gcc-9-9QDOt0/gcc-9-9.4.0/debian/tmp-nvptx/usr,hsa --without-cuda-driver --enable-checking=release --build=x86_64-linux-gnu --host=x86_64-linux-gnu --target=x86_64-linux-gnu
Thread model: posix
gcc version 9.4.0 (Ubuntu 9.4.0-1ubuntu1~20.04.2) 
configure:4127: $? = 0
configure:4116: gcc -V >&5
gcc: error: unrecognized command line option '-V'
gcc: fatal error: no input files
compilation terminated.
configure:4127: $? = 1
configure:4116: gcc -qversion >&5
gcc: error: unrecognized command line option '-qversion'; did you mean '--version'?
gcc: fatal error: no input files
compilation terminated.
configure:4127: $? = 1
configure:4116: gcc -version >&5
gcc: error: unrecognized command line option '-version'
gcc: fatal error: no input files
compilation terminated.
configure:4127: $? = 1
configure:4147: checking whether the C compiler works
configure:4169: gcc    conftest.c  >&5
configure:4173: $? = 0
configure:4223: result: yes
configure:4226: checking for C compiler default output file name
configure:4228: result: a.out
configure:4234: checking for suffix of executables
configure:4241: gcc -o conftest    conftest.c  >&5
configure:4245: $? = 0
configure:4268: result: 
configure:4290: checking whether we are cross compiling
configure:4298: gcc -o conftest    conftest.c  >&5
configure:4302: $? = 0
configure:4309: ./conftest
configure:4313: $? = 0
configure:4301: result: no
configure:4306: checking for suffix of object files
configure:4329: gcc -c   conftest.c >&5
configure:4333: $? = 0
configure:4355: result: o
configure:4359: checking whether the compiler supports GNU C
configure:4379: gcc -c   conftest.c >&5
configure:4379: $? = 0
configure:4389: result: yes
configure:4400: checking whether gcc accepts -g
configure:4421: gcc -c -g  conftest.c >&5
configure:4421: $? = 0
configure:4465: result: yes
configure:4485: checking for gcc option to enable C11 features
configure:4500: gcc  -c -g -O2  conftest.c >&5
configure:4500: $? = 0
configure:4518: result: none needed
configure:4634: checking whether gcc understands -c and -o together
configure:4657: gcc -c conftest.c -o conftest2.o
configure:4660: $? = 0
configure:4657: gcc -c conftest.c -o conftest2.o
configure:4660: $? = 0
configure:4672: result: yes
configure:4692: checking whether make supports the include directive
configure:4707: make -f confmf.GNU && cat confinc.out
this is the am__doit target
configure:4710: $? = 0
configure:4729: result: yes (GNU style)
configure:4755: checking dependency style of gcc
configure:4867: result: gcc3
configure:4887: checking how to run the C preprocessor
configure:4913: gcc -E  conftest.c
configure:4913: $? = 0
configure:4928: gcc -E  conftest.c
conftest.c:9:10: fatal error: ac_nonexistent.h: No such file or directory
    9 | #include <ac_nonexistent.h>
      |          ^~~~~~~~~~~~~~~~~~
compilation terminated.
configure:4928: $? = 1
configure: failed program was:
| /* confdefs.h */
| #define PACKAGE_NAME "irssi"
| #define PACKAGE_TARNAME "irssi"
| #define PACKAGE_VERSION "1.4.5"
| #define PACKAGE_STRING "irssi 1.4.5"
| #define PACKAGE_BUGREPORT ""
| #define PACKAGE_URL ""
| /* end confdefs.h.  */
| #include <ac_nonexistent.h>
configure:4955: result: gcc -E
configure:4969: gcc -E  conftest.c
configure:4969: $? = 0
configure:4984: gcc -E  conftest.c
conftest.c:9:10: fatal error: ac_nonexistent.h: No such file or directory
    9 | #include <ac_nonexistent.h>
      |          ^~~~~~~~~~~~~~~~~~
compilation terminated.
configure:4984: $? = 1
configure: failed program was:
| /* confdefs.h */
| #define PACKAGE_NAME "irssi"
| #define PACKAGE_TARNAME "irssi"
| #define PACKAGE_VERSION "1.4.5"
| #define PACKAGE_STRING "irssi 1.4.5"
| #define PACKAGE_BUGREPORT ""
| #define PACKAGE_URL ""
| /* end confdefs.h.  */
| #include <ac_nonexistent.h>
configure:5046: checking build system type
configure:5061: result: x86_64-unknown-linux-gnu
configure:5081: checking host system type
configure:5095: result: x86_64-unknown-linux-gnu
configure:5136: checking how to print strings
configure:5163: result: printf
configure:5184: checking for a sed that does not truncate output
configure:5254: result: /usr/bin/sed
configure:5272: checking for grep that handles long lines and -e
configure:5336: result: /usr/bin/grep
configure:5341: checking for egrep
configure:5409: result: /usr/bin/grep -E
configure:5414: checking for fgrep
configure:5482: result: /usr/bin/grep -F
configure:5518: checking for ld used by gcc
configure:5586: result: /usr/bin/ld
configure:5593: checking if the linker (/usr/bin/ld) is GNU ld
configure:5609: result: yes
configure:5621: checking for BSD- or MS-compatible name lister (nm)
configure:5676: result: /usr/bin/nm -B
configure:5816: checking the name lister (/usr/bin/nm -B) interface
configure:5824: gcc -c -g -O2  conftest.c >&5
configure:5827: /usr/bin/nm -B "conftest.o"
configure:5830: output
0000000000000000 B some_variable
configure:5831: result: BSD nm
configure:5834: checking whether ln -s works
configure:5838: result: yes
configure:5846: checking the maximum length of command line arguments
configure:5978: result: 1572864
configure:6026: checking how to convert x86_64-unknown-linux-gnu file names to x86_64-unknown-linux-gnu format
configure:6067: result: func_convert_file_noop
configure:6074: checking how to convert x86_64-unknown-linux-gnu file names to toolchain format
configure:6095: result: func_convert_file_noop
configure:6102: checking for /usr/bin/ld option to reload object files
configure:6110: result: -r
configure:6189: checking for file
configure:6210: found /usr/bin/file
configure:6221: result: file
configure:6297: checking for objdump
configure:6318: found /usr/bin/objdump
configure:6329: result: objdump
configure:6361: checking how to recognize dependent libraries
configure:6562: result: pass_all
configure:6652: checking for dlltool
configure:6687: result: no
configure:6717: checking how to associate runtime and link libraries
configure:6745: result: printf %s\n
configure:6811: checking for ar
configure:6832: found /usr/bin/ar
configure:6843: result: ar
configure:6896: checking for archiver @FILE support
configure:6914: gcc -c -g -O2  conftest.c >&5
configure:6914: $? = 0
configure:6918: ar cr libconftest.a @conftest.lst >&5
configure:6921: $? = 0
configure:6926: ar cr libconftest.a @conftest.lst >&5
ar: conftest.o: No such file or directory
configure:6929: $? = 1
configure:6928: result: @
configure:6991: checking for strip
configure:7012: found /usr/bin/strip
configure:7023: result: strip
configure:7100: checking for ranlib
configure:7121: found /usr/bin/ranlib
configure:7132: result: ranlib
configure:7234: checking command to parse /usr/bin/nm -B output from gcc object
configure:7388: gcc -c -g -O2  conftest.c >&5
configure:7391: $? = 0
configure:7395: /usr/bin/nm -B conftest.o \| /usr/bin/sed -n -e 's/^.*[ ]\([ABCDGIRSTW][ABCDGIRSTW]*\)[ ][ ]*\([_A-Za-z][_A-Za-z0-9]*\)$/\1 \2 \2/p' | /usr/bin/sed '/ __gnu_lto/d' \> conftest.nm
configure:7398: $? = 0
configure:7464: gcc -o conftest -g -O2   conftest.c conftstm.o >&5
configure:7467: $? = 0
configure:7505: result: ok
configure:7552: checking for sysroot
configure:7583: result: no
configure:7590: checking for a working dd
configure:7634: result: /usr/bin/dd
configure:7638: checking how to truncate binary pipes
configure:7654: result: /usr/bin/dd bs=4096 count=1
configure:7791: gcc -c -g -O2  conftest.c >&5
configure:7794: $? = 0
configure:7991: checking for mt
configure:8026: result: no
configure:8046: checking if : is a manifest tool
configure:8053: : '-?'
configure:8061: result: no
configure:8786: checking for stdio.h
configure:8786: gcc -c -g -O2  conftest.c >&5
configure:8786: $? = 0
configure:8786: result: yes
configure:8786: checking for stdlib.h
configure:8786: gcc -c -g -O2  conftest.c >&5
configure:8786: $? = 0
configure:8786: result: yes
configure:8786: checking for string.h
configure:8786: gcc -c -g -O2  conftest.c >&5
configure:8786: $? = 0
configure:8786: result: yes
configure:8786: checking for inttypes.h
configure:8786: gcc -c -g -O2  conftest.c >&5
configure:8786: $? = 0
configure:8786: result: yes
configure:8786: checking for stdint.h
configure:8786: gcc -c -g -O2  conftest.c >&5
configure:8786: $? = 0
configure:8786: result: yes
configure:8786: checking for strings.h
configure:8786: gcc -c -g -O2  conftest.c >&5
configure:8786: $? = 0
configure:8786: result: yes
configure:8786: checking for sys/stat.h
configure:8786: gcc -c -g -O2  conftest.c >&5
configure:8786: $? = 0
configure:8786: result: yes
configure:8786: checking for sys/types.h
configure:8786: gcc -c -g -O2  conftest.c >&5
configure:8786: $? = 0
configure:8786: result: yes
configure:8786: checking for unistd.h
configure:8786: gcc -c -g -O2  conftest.c >&5
configure:8786: $? = 0
configure:8786: result: yes
configure:8811: checking for dlfcn.h
configure:8811: gcc -c -g -O2  conftest.c >&5
configure:8811: $? = 0
configure:8811: result: yes
configure:9070: checking for objdir
configure:9086: result: .libs
configure:9350: checking if gcc supports -fno-rtti -fno-exceptions
configure:9369: gcc -c -g -O2  -fno-rtti -fno-exceptions conftest.c >&5
cc1: warning: command line option '-fno-rtti' is valid for C++/D/ObjC++ but not for C
configure:9373: $? = 0
configure:9386: result: no
configure:9744: checking for gcc option to produce PIC
configure:9752: result: -fPIC -DPIC
configure:9760: checking if gcc PIC flag -fPIC -DPIC works
configure:9779: gcc -c -g -O2  -fPIC -DPIC -DPIC conftest.c >&5
configure:9783: $? = 0
configure:9796: result: yes
configure:9825: checking if gcc static flag -static works
configure:9854: result: yes
configure:9869: checking if gcc supports -c -o file.o
configure:9891: gcc -c -g -O2  -o out/conftest2.o conftest.c >&5
configure:9895: $? = 0
configure:9917: result: yes
configure:9925: checking if gcc supports -c -o file.o
configure:9973: result: yes
configure:10006: checking whether the gcc linker (/usr/bin/ld -m elf_x86_64) supports shared libraries
configure:11274: result: yes
configure:11311: checking whether -lc should be explicitly linked in
configure:11320: gcc -c -g -O2  conftest.c >&5
configure:11323: $? = 0
configure:11338: gcc -shared  -fPIC -DPIC conftest.o  -v -Wl,-soname -Wl,conftest -o conftest 2\>\&1 \| /usr/bin/grep  -lc  \>/dev/null 2\>\&1
configure:11341: $? = 0
configure:11355: result: no
configure:11515: checking dynamic linker characteristics
configure:12097: gcc -o conftest -g -O2   -Wl,-rpath -Wl,/foo conftest.c  >&5
configure:12097: $? = 0
configure:12336: result: GNU/Linux ld.so
configure:12458: checking how to hardcode library paths into programs
configure:12483: result: immediate
configure:13035: checking whether stripping libraries is possible
configure:13044: result: yes
configure:13086: checking if libtool supports shared libraries
configure:13088: result: yes
configure:13091: checking whether to build shared libraries
configure:13116: result: yes
configure:13119: checking whether to build static libraries
configure:13123: result: yes
configure:9926: checking for sed
configure:9949: found /usr/bin/sed
configure:9961: result: /usr/bin/sed
configure:9971: checking for perl
configure:9994: found /usr/bin/perl
configure:10006: result: /usr/bin/perl
configure:10032: checking for unistd.h
configure:10032: result: yes
configure:10038: checking for dirent.h
configure:10038: gcc -c -g -O2  conftest.c >&5
configure:10038: $? = 0
configure:10038: result: yes
configure:10044: checking for sys/ioctl.h
configure:10044: gcc -c -g -O2  conftest.c >&5
configure:10044: $? = 0
configure:10044: result: yes
configure:10050: checking for sys/resource.h
configure:10050: gcc -c -g -O2  conftest.c >&5
configure:10050: $? = 0
configure:10050: result: yes
configure:10059: checking for sys/socket.h
configure:10059: gcc -c -g -O2  conftest.c >&5
configure:10059: $? = 0
configure:10059: result: yes
configure:10065: checking for sys/time.h
configure:10065: gcc -c -g -O2  conftest.c >&5
configure:10065: $? = 0
configure:10065: result: yes
configure:10071: checking for sys/utsname.h
configure:10071: gcc -c -g -O2  conftest.c >&5
configure:10071: $? = 0
configure:10071: result: yes
configure:10087: checking for special C compiler options needed for large files
configure:10135: result: no
configure:10141: checking for _FILE_OFFSET_BITS value needed for large files
configure:10167: gcc -c -g -O2  conftest.c >&5
configure:10167: $? = 0
configure:10201: result: no
configure:10532: checking for library containing socket
configure:10562: gcc -o conftest -g -O2   conftest.c  >&5
configure:10562: $? = 0
configure:10582: result: none required
configure:10592: checking for library containing inet_addr
configure:10622: gcc -o conftest -g -O2   conftest.c  >&5
configure:10622: $? = 0
configure:10642: result: none required
configure:10656: checking for socklen_t
configure:10656: gcc -c -g -O2 -Wall  conftest.c >&5
configure:10656: $? = 0
configure:10656: gcc -c -g -O2 -Wall  conftest.c >&5
conftest.c: In function 'main':
conftest.c:65:24: error: expected expression before ')' token
   65 | if (sizeof ((socklen_t)))
      |                        ^
configure:10656: $? = 1
configure: failed program was:
| /* confdefs.h */
| #define PACKAGE_NAME "irssi"
| #define PACKAGE_TARNAME "irssi"
| #define PACKAGE_VERSION "1.4.5"
| #define PACKAGE_STRING "irssi 1.4.5"
| #define PACKAGE_BUGREPORT ""
| #define PACKAGE_URL ""
| #define HAVE_STDIO_H 1
| #define HAVE_STDLIB_H 1
| #define HAVE_STRING_H 1
| #define HAVE_INTTYPES_H 1
| #define HAVE_STDINT_H 1
| #define HAVE_STRINGS_H 1
| #define HAVE_SYS_STAT_H 1
| #define HAVE_SYS_TYPES_H 1
| #define HAVE_UNISTD_H 1
| #define STDC_HEADERS 1
| #define HAVE_DLFCN_H 1
| #define LT_OBJDIR ".libs/"
| #define HAVE_UNISTD_H 1
| #define HAVE_DIRENT_H 1
| #define HAVE_SYS_IOCTL_H 1
| #define HAVE_SYS_RESOURCE_H 1
| #define HAVE_SYS_SOCKET_H 1
| #define HAVE_SYS_TIME_H 1
| #define HAVE_SYS_UTSNAME_H 1
| /* end confdefs.h.  */
| 
| #include <stddef.h>
| #ifdef HAVE_STDIO_H
| # include <stdio.h>
| #endif
| #ifdef HAVE_STDLIB_H
| # include <stdlib.h>
| #endif
| #ifdef HAVE_STRING_H
| # include <string.h>
| #endif
| #ifdef HAVE_INTTYPES_H
| # include <inttypes.h>
| #endif
| #ifdef HAVE_STDINT_H
| # include <stdint.h>
| #endif
| #ifdef HAVE_STRINGS_H
| # include <strings.h>
| #endif
| #ifdef HAVE_SYS_TYPES_H
| # include <sys/types.h>
| #endif
| #ifdef HAVE_SYS_STAT_H
| # include <sys/stat.h>
| #endif
| #ifdef HAVE_UNISTD_H
| # include <unistd.h>
| #endif
| #ifdef HAVE_SYS_SOCKET_H
| #  include <sys/socket.h>
| #endif
| 
| 
| int
| main (void)
| {
| if (sizeof ((socklen_t)))
| 	    return 0;
|   ;
|   return 0;
| }
configure:10656: result: yes
configure:10677: checking size of int
configure:10683: gcc -o conftest -g -O2 -Wall   conftest.c  >&5
configure:10683: $? = 0
configure:10683: ./conftest
configure:10683: $? = 0
configure:10698: result: 4
configure:10710: checking size of long
configure:10716: gcc -o conftest -g -O2 -Wall   conftest.c  >&5
configure:10716: $? = 0
configure:10716: ./conftest
configure:10716: $? = 0
configure:10731: result: 8
configure:10743: checking size of long long
configure:10749: gcc -o conftest -g -O2 -Wall   conftest.c  >&5
configure:10749: $? = 0
configure:10749: ./conftest
configure:10749: $? = 0
configure:10764: result: 8
configure:10776: checking size of off_t
configure:10782: gcc -o conftest -g -O2 -Wall   conftest.c  >&5
configure:10782: $? = 0
configure:10782: ./conftest
configure:10782: $? = 0
configure:10797: result: 8
configure:10974: checking for pkg-config
configure:10997: found /usr/bin/pkg-config
configure:11009: result: /usr/bin/pkg-config
configure:11034: checking pkg-config is at least version 0.7
configure:11037: result: yes
configure:11054: checking for GLIB - version >= 2.32.0
configure:11169: gcc -o conftest -g -O2 -Wall -pthread -I/usr/include/glib-2.0 -I/usr/lib/x86_64-linux-gnu/glib-2.0/include   conftest.c -Wl,--export-dynamic -lgmodule-2.0 -pthread -lglib-2.0  >&5
conftest.c: In function 'main':
conftest.c:43:3: warning: ignoring return value of 'system', declared with attribute warn_unused_result [-Wunused-result]
   43 |   system ("touch conf.glibtest");
      |   ^~~~~~~~~~~~~~~~~~~~~~~~~~~~~~
configure:11169: $? = 0
configure:11169: ./conftest
configure:11169: $? = 0
configure:11184: result: yes (version 2.64.6)
configure:11330: checking for openssl
configure:11337: $PKG_CONFIG --exists --print-errors "openssl"
configure:11340: $? = 0
configure:11354: $PKG_CONFIG --exists --print-errors "openssl"
configure:11357: $? = 0
configure:11489: result: yes
configure:11498: checking for utf8proc.h
configure:11498: gcc -c -g -O2 -Wall   conftest.c >&5
conftest.c:61:10: fatal error: utf8proc.h: No such file or directory
   61 | #include <utf8proc.h>
      |          ^~~~~~~~~~~~
compilation terminated.
configure:11498: $? = 1
configure: failed program was:
| /* confdefs.h */
| #define PACKAGE_NAME "irssi"
| #define PACKAGE_TARNAME "irssi"
| #define PACKAGE_VERSION "1.4.5"
| #define PACKAGE_STRING "irssi 1.4.5"
| #define PACKAGE_BUGREPORT ""
| #define PACKAGE_URL ""
| #define HAVE_STDIO_H 1
| #define HAVE_STDLIB_H 1
| #define HAVE_STRING_H 1
| #define HAVE_INTTYPES_H 1
| #define HAVE_STDINT_H 1
| #define HAVE_STRINGS_H 1
| #define HAVE_SYS_STAT_H 1
| #define HAVE_SYS_TYPES_H 1
| #define HAVE_UNISTD_H 1
| #define STDC_HEADERS 1
| #define HAVE_DLFCN_H 1
| #define LT_OBJDIR ".libs/"
| #define HAVE_UNISTD_H 1
| #define HAVE_DIRENT_H 1
| #define HAVE_SYS_IOCTL_H 1
| #define HAVE_SYS_RESOURCE_H 1
| #define HAVE_SYS_SOCKET_H 1
| #define HAVE_SYS_TIME_H 1
| #define HAVE_SYS_UTSNAME_H 1
| #define SIZEOF_INT 4
| #define SIZEOF_LONG 8
| #define SIZEOF_LONG_LONG 8
| #define SIZEOF_OFF_T 8
| #define HAVE_GMODULE 1
| /* end confdefs.h.  */
| #include <stddef.h>
| #ifdef HAVE_STDIO_H
| # include <stdio.h>
| #endif
| #ifdef HAVE_STDLIB_H
| # include <stdlib.h>
| #endif
| #ifdef HAVE_STRING_H
| # include <string.h>
| #endif
| #ifdef HAVE_INTTYPES_H
| # include <inttypes.h>
| #endif
| #ifdef HAVE_STDINT_H
| # include <stdint.h>
| #endif
| #ifdef HAVE_STRINGS_H
| # include <strings.h>
| #endif
| #ifdef HAVE_SYS_TYPES_H
| # include <sys/types.h>
| #endif
| #ifdef HAVE_SYS_STAT_H
| # include <sys/stat.h>
| #endif
| #ifdef HAVE_UNISTD_H
| # include <unistd.h>
| #endif
| #include <utf8proc.h>
configure:11498: result: no
configure:11566: checking for library containing setupterm
configure:11596: gcc -o conftest -g -O2 -Wall    conftest.c  >&5
/usr/bin/ld: /tmp/cchXJv2X.o: in function `main':
/workspaces/IRC/irssi-1.4.5/conftest.c:41: undefined reference to `setupterm'
collect2: error: ld returned 1 exit status
configure:11596: $? = 1
configure: failed program was:
| /* confdefs.h */
| #define PACKAGE_NAME "irssi"
| #define PACKAGE_TARNAME "irssi"
| #define PACKAGE_VERSION "1.4.5"
| #define PACKAGE_STRING "irssi 1.4.5"
| #define PACKAGE_BUGREPORT ""
| #define PACKAGE_URL ""
| #define HAVE_STDIO_H 1
| #define HAVE_STDLIB_H 1
| #define HAVE_STRING_H 1
| #define HAVE_INTTYPES_H 1
| #define HAVE_STDINT_H 1
| #define HAVE_STRINGS_H 1
| #define HAVE_SYS_STAT_H 1
| #define HAVE_SYS_TYPES_H 1
| #define HAVE_UNISTD_H 1
| #define STDC_HEADERS 1
| #define HAVE_DLFCN_H 1
| #define LT_OBJDIR ".libs/"
| #define HAVE_UNISTD_H 1
| #define HAVE_DIRENT_H 1
| #define HAVE_SYS_IOCTL_H 1
| #define HAVE_SYS_RESOURCE_H 1
| #define HAVE_SYS_SOCKET_H 1
| #define HAVE_SYS_TIME_H 1
| #define HAVE_SYS_UTSNAME_H 1
| #define SIZEOF_INT 4
| #define SIZEOF_LONG 8
| #define SIZEOF_LONG_LONG 8
| #define SIZEOF_OFF_T 8
| #define HAVE_GMODULE 1
| /* end confdefs.h.  */
| 
| /* Override any GCC internal prototype to avoid an error.
|    Use char because int might match the return type of a GCC
|    builtin and then its argument prototype would still apply.  */
| char setupterm ();
| int
| main (void)
| {
| return setupterm ();
|   ;
|   return 0;
| }
configure:11596: gcc -o conftest -g -O2 -Wall    conftest.c -ltinfo   >&5
configure:11596: $? = 0
configure:11616: result: -ltinfo
configure:11635: checking for term.h
configure:11635: gcc -c -g -O2 -Wall   conftest.c >&5
configure:11635: $? = 0
configure:11635: result: yes
configure:11671: checking for working Perl support
configure:11721: result: error linking with perl libraries, building without Perl
configure:11814: checking for cap_enter in -lc
configure:11837: gcc -o conftest -g -O2 -Wall    conftest.c -lc   -Wl,--export-dynamic -lgmodule-2.0 -pthread -lglib-2.0 -lssl -lcrypto >&5
/usr/bin/ld: /tmp/cckYTWgw.o: in function `main':
/workspaces/IRC/irssi-1.4.5/conftest.c:42: undefined reference to `cap_enter'
collect2: error: ld returned 1 exit status
configure:11837: $? = 1
configure: failed program was:
| /* confdefs.h */
| #define PACKAGE_NAME "irssi"
| #define PACKAGE_TARNAME "irssi"
| #define PACKAGE_VERSION "1.4.5"
| #define PACKAGE_STRING "irssi 1.4.5"
| #define PACKAGE_BUGREPORT ""
| #define PACKAGE_URL ""
| #define HAVE_STDIO_H 1
| #define HAVE_STDLIB_H 1
| #define HAVE_STRING_H 1
| #define HAVE_INTTYPES_H 1
| #define HAVE_STDINT_H 1
| #define HAVE_STRINGS_H 1
| #define HAVE_SYS_STAT_H 1
| #define HAVE_SYS_TYPES_H 1
| #define HAVE_UNISTD_H 1
| #define STDC_HEADERS 1
| #define HAVE_DLFCN_H 1
| #define LT_OBJDIR ".libs/"
| #define HAVE_UNISTD_H 1
| #define HAVE_DIRENT_H 1
| #define HAVE_SYS_IOCTL_H 1
| #define HAVE_SYS_RESOURCE_H 1
| #define HAVE_SYS_SOCKET_H 1
| #define HAVE_SYS_TIME_H 1
| #define HAVE_SYS_UTSNAME_H 1
| #define SIZEOF_INT 4
| #define SIZEOF_LONG 8
| #define SIZEOF_LONG_LONG 8
| #define SIZEOF_OFF_T 8
| #define HAVE_GMODULE 1
| #define HAVE_TERM_H /**/
| /* end confdefs.h.  */
| 
| /* Override any GCC internal prototype to avoid an error.
|    Use char because int might match the return type of a GCC
|    builtin and then its argument prototype would still apply.  */
| char cap_enter ();
| int
| main (void)
| {
| return cap_enter ();
|   ;
|   return 0;
| }
configure:11847: result: no
configure:12552: checking that generated files are newer than configure
configure:12558: result: done
configure:12625: creating ./config.status

## ---------------------- ##
## Running config.status. ##
## ---------------------- ##

This file was extended by irssi config.status 1.4.5, which was
generated by GNU Autoconf 2.71.  Invocation command line was

  CONFIG_FILES    = 
  CONFIG_HEADERS  = 
  CONFIG_LINKS    = 
  CONFIG_COMMANDS = 
  $ ./config.status 

on codespaces-e4ac3b

config.status:1215: creating Makefile
config.status:1215: creating src/Makefile
config.status:1215: creating src/core/Makefile
config.status:1215: creating src/irc/Makefile
config.status:1215: creating src/irc/core/Makefile
config.status:1215: creating src/irc/dcc/Makefile
config.status:1215: creating src/irc/notifylist/Makefile
config.status:1215: creating src/irc/proxy/Makefile
config.status:1215: creating src/irc/flood/Makefile
config.status:1215: creating src/fe-common/Makefile
config.status:1215: creating src/fe-common/core/Makefile
config.status:1215: creating src/fe-common/irc/Makefile
config.status:1215: creating src/fe-common/irc/dcc/Makefile
config.status:1215: creating src/fe-common/irc/notifylist/Makefile
config.status:1215: creating src/fe-fuzz/Makefile
config.status:1215: creating src/fe-fuzz/irc/Makefile
config.status:1215: creating src/fe-fuzz/irc/core/Makefile
config.status:1215: creating src/fe-fuzz/fe-common/Makefile
config.status:1215: creating src/fe-fuzz/fe-common/core/Makefile
config.status:1215: creating src/fe-none/Makefile
config.status:1215: creating src/fe-text/Makefile
config.status:1215: creating src/lib-config/Makefile
config.status:1215: creating src/perl/Makefile
config.status:1215: creating src/perl/common/Makefile.PL
config.status:1215: creating src/perl/irc/Makefile.PL
config.status:1215: creating src/perl/ui/Makefile.PL
config.status:1215: creating src/perl/textui/Makefile.PL
config.status:1215: creating src/otr/Makefile
config.status:1215: creating scripts/Makefile
config.status:1215: creating scripts/examples/Makefile
config.status:1215: creating tests/Makefile
config.status:1215: creating tests/fe-common/Makefile
config.status:1215: creating tests/fe-common/core/Makefile
config.status:1215: creating tests/fe-text/Makefile
config.status:1215: creating tests/irc/Makefile
config.status:1215: creating tests/irc/core/Makefile
config.status:1215: creating tests/irc/flood/Makefile
config.status:1215: creating docs/Makefile
config.status:1215: creating docs/help/Makefile
config.status:1215: creating docs/help/in/Makefile
config.status:1215: creating utils/Makefile
config.status:1215: creating themes/Makefile
config.status:1215: creating irssi-1.pc
config.status:1215: creating irssi-config.h
config.status:1456: linking irssi-config.h to irssi/irssi-config.h
config.status:1456: linking ./src to irssi/src
config.status:1475: executing depfiles commands
config.status:1552: cd src/core       && sed -e '/# am--include-marker/d' Makefile         | make -f - am--depfiles
config.status:1557: $? = 0
config.status:1552: cd src/irc       && sed -e '/# am--include-marker/d' Makefile         | make -f - am--depfiles
config.status:1557: $? = 0
config.status:1552: cd src/irc/core       && sed -e '/# am--include-marker/d' Makefile         | make -f - am--depfiles
config.status:1557: $? = 0
config.status:1552: cd src/irc/dcc       && sed -e '/# am--include-marker/d' Makefile         | make -f - am--depfiles
config.status:1557: $? = 0
config.status:1552: cd src/irc/notifylist       && sed -e '/# am--include-marker/d' Makefile         | make -f - am--depfiles
config.status:1557: $? = 0
config.status:1552: cd src/irc/proxy       && sed -e '/# am--include-marker/d' Makefile         | make -f - am--depfiles
config.status:1557: $? = 0
config.status:1552: cd src/irc/flood       && sed -e '/# am--include-marker/d' Makefile         | make -f - am--depfiles
config.status:1557: $? = 0
config.status:1552: cd src/fe-common/core       && sed -e '/# am--include-marker/d' Makefile         | make -f - am--depfiles
config.status:1557: $? = 0
config.status:1552: cd src/fe-common/irc       && sed -e '/# am--include-marker/d' Makefile         | make -f - am--depfiles
config.status:1557: $? = 0
config.status:1552: cd src/fe-common/irc/dcc       && sed -e '/# am--include-marker/d' Makefile         | make -f - am--depfiles
config.status:1557: $? = 0
config.status:1552: cd src/fe-common/irc/notifylist       && sed -e '/# am--include-marker/d' Makefile         | make -f - am--depfiles
config.status:1557: $? = 0
config.status:1552: cd src/fe-fuzz       && sed -e '/# am--include-marker/d' Makefile         | make -f - am--depfiles
config.status:1557: $? = 0
config.status:1552: cd src/fe-fuzz/irc/core       && sed -e '/# am--include-marker/d' Makefile         | make -f - am--depfiles
config.status:1557: $? = 0
config.status:1552: cd src/fe-fuzz/fe-common/core       && sed -e '/# am--include-marker/d' Makefile         | make -f - am--depfiles
config.status:1557: $? = 0
config.status:1552: cd src/fe-none       && sed -e '/# am--include-marker/d' Makefile         | make -f - am--depfiles
config.status:1557: $? = 0
config.status:1552: cd src/fe-text       && sed -e '/# am--include-marker/d' Makefile         | make -f - am--depfiles
config.status:1557: $? = 0
config.status:1552: cd src/lib-config       && sed -e '/# am--include-marker/d' Makefile         | make -f - am--depfiles
config.status:1557: $? = 0
config.status:1552: cd src/perl       && sed -e '/# am--include-marker/d' Makefile         | make -f - am--depfiles
config.status:1557: $? = 0
config.status:1552: cd src/otr       && sed -e '/# am--include-marker/d' Makefile         | make -f - am--depfiles
config.status:1557: $? = 0
config.status:1552: cd tests/fe-common/core       && sed -e '/# am--include-marker/d' Makefile         | make -f - am--depfiles
config.status:1557: $? = 0
config.status:1552: cd tests/fe-text       && sed -e '/# am--include-marker/d' Makefile         | make -f - am--depfiles
config.status:1557: $? = 0
config.status:1552: cd tests/irc/core       && sed -e '/# am--include-marker/d' Makefile         | make -f - am--depfiles
config.status:1557: $? = 0
config.status:1552: cd tests/irc/flood       && sed -e '/# am--include-marker/d' Makefile         | make -f - am--depfiles
config.status:1557: $? = 0
config.status:1475: executing libtool commands

## ---------------- ##
## Cache variables. ##
## ---------------- ##

ac_cv_build=x86_64-unknown-linux-gnu
ac_cv_c_compiler_gnu=yes
ac_cv_env_CC_set=
ac_cv_env_CC_value=
ac_cv_env_CFLAGS_set=
ac_cv_env_CFLAGS_value=
ac_cv_env_CPPFLAGS_set=
ac_cv_env_CPPFLAGS_value=
ac_cv_env_CPP_set=
ac_cv_env_CPP_value=
ac_cv_env_LDFLAGS_set=
ac_cv_env_LDFLAGS_value=
ac_cv_env_LIBS_set=
ac_cv_env_LIBS_value=
ac_cv_env_LT_SYS_LIBRARY_PATH_set=
ac_cv_env_LT_SYS_LIBRARY_PATH_value=
ac_cv_env_OPENSSL_CFLAGS_set=
ac_cv_env_OPENSSL_CFLAGS_value=
ac_cv_env_OPENSSL_LIBS_set=
ac_cv_env_OPENSSL_LIBS_value=
ac_cv_env_PKG_CONFIG_LIBDIR_set=
ac_cv_env_PKG_CONFIG_LIBDIR_value=
ac_cv_env_PKG_CONFIG_PATH_set=
ac_cv_env_PKG_CONFIG_PATH_value=
ac_cv_env_PKG_CONFIG_set=
ac_cv_env_PKG_CONFIG_value=
ac_cv_env_build_alias_set=
ac_cv_env_build_alias_value=
ac_cv_env_host_alias_set=
ac_cv_env_host_alias_value=
ac_cv_env_target_alias_set=
ac_cv_env_target_alias_value=
ac_cv_header_dirent_h=yes
ac_cv_header_dlfcn_h=yes
ac_cv_header_inttypes_h=yes
ac_cv_header_stdint_h=yes
ac_cv_header_stdio_h=yes
ac_cv_header_stdlib_h=yes
ac_cv_header_string_h=yes
ac_cv_header_strings_h=yes
ac_cv_header_sys_ioctl_h=yes
ac_cv_header_sys_resource_h=yes
ac_cv_header_sys_socket_h=yes
ac_cv_header_sys_stat_h=yes
ac_cv_header_sys_time_h=yes
ac_cv_header_sys_types_h=yes
ac_cv_header_sys_utsname_h=yes
ac_cv_header_term_h=yes
ac_cv_header_unistd_h=yes
ac_cv_header_utf8proc_h=no
ac_cv_host=x86_64-unknown-linux-gnu
ac_cv_lib_c_cap_enter=no
ac_cv_objext=o
ac_cv_path_EGREP='/usr/bin/grep -E'
ac_cv_path_FGREP='/usr/bin/grep -F'
ac_cv_path_GREP=/usr/bin/grep
ac_cv_path_SED=/usr/bin/sed
ac_cv_path_ac_pt_PKG_CONFIG=/usr/bin/pkg-config
ac_cv_path_install='/usr/bin/install -c'
ac_cv_path_lt_DD=/usr/bin/dd
ac_cv_path_mkdir=/usr/bin/mkdir
ac_cv_path_perlpath=/usr/bin/perl
ac_cv_path_sedpath=/usr/bin/sed
ac_cv_prog_AWK=gawk
ac_cv_prog_CPP='gcc -E'
ac_cv_prog_ac_ct_AR=ar
ac_cv_prog_ac_ct_CC=gcc
ac_cv_prog_ac_ct_FILECMD=file
ac_cv_prog_ac_ct_OBJDUMP=objdump
ac_cv_prog_ac_ct_RANLIB=ranlib
ac_cv_prog_ac_ct_STRIP=strip
ac_cv_prog_cc_c11=
ac_cv_prog_cc_g=yes
ac_cv_prog_cc_stdc=
ac_cv_prog_make_make_set=yes
ac_cv_search_inet_addr='none required'
ac_cv_search_setupterm=-ltinfo
ac_cv_search_socket='none required'
ac_cv_sizeof_int=4
ac_cv_sizeof_long=8
ac_cv_sizeof_long_long=8
ac_cv_sizeof_off_t=8
ac_cv_sys_file_offset_bits=no
ac_cv_sys_largefile_CC=no
ac_cv_type_socklen_t=yes
am_cv_CC_dependencies_compiler_type=gcc3
am_cv_make_support_nested_variables=yes
am_cv_prog_cc_c_o=yes
lt_cv_ar_at_file=@
lt_cv_archive_cmds_need_lc=no
lt_cv_deplibs_check_method=pass_all
lt_cv_file_magic_cmd='$MAGIC_CMD'
lt_cv_file_magic_test_file=
lt_cv_ld_reload_flag=-r
lt_cv_nm_interface='BSD nm'
lt_cv_objdir=.libs
lt_cv_path_LD=/usr/bin/ld
lt_cv_path_NM='/usr/bin/nm -B'
lt_cv_path_mainfest_tool=no
lt_cv_prog_compiler_c_o=yes
lt_cv_prog_compiler_pic='-fPIC -DPIC'
lt_cv_prog_compiler_pic_works=yes
lt_cv_prog_compiler_rtti_exceptions=no
lt_cv_prog_compiler_static_works=yes
lt_cv_prog_gnu_ld=yes
lt_cv_sharedlib_from_linklib_cmd='printf %s\n'
lt_cv_shlibpath_overrides_runpath=yes
lt_cv_sys_global_symbol_pipe='/usr/bin/sed -n -e '\''s/^.*[	 ]\([ABCDGIRSTW][ABCDGIRSTW]*\)[	 ][	 ]*\([_A-Za-z][_A-Za-z0-9]*\)$/\1 \2 \2/p'\'' | /usr/bin/sed '\''/ __gnu_lto/d'\'''
lt_cv_sys_global_symbol_to_c_name_address='/usr/bin/sed -n -e '\''s/^: \(.*\) .*$/  {"\1", (void *) 0},/p'\'' -e '\''s/^[ABCDGIRSTW][ABCDGIRSTW]* .* \(.*\)$/  {"\1", (void *) \&\1},/p'\'''
lt_cv_sys_global_symbol_to_c_name_address_lib_prefix='/usr/bin/sed -n -e '\''s/^: \(.*\) .*$/  {"\1", (void *) 0},/p'\'' -e '\''s/^[ABCDGIRSTW][ABCDGIRSTW]* .* \(lib.*\)$/  {"\1", (void *) \&\1},/p'\'' -e '\''s/^[ABCDGIRSTW][ABCDGIRSTW]* .* \(.*\)$/  {"lib\1", (void *) \&\1},/p'\'''
lt_cv_sys_global_symbol_to_cdecl='/usr/bin/sed -n -e '\''s/^T .* \(.*\)$/extern int \1();/p'\'' -e '\''s/^[ABCDGIRSTW][ABCDGIRSTW]* .* \(.*\)$/extern char \1;/p'\'''
lt_cv_sys_global_symbol_to_import=
lt_cv_sys_max_cmd_len=1572864
lt_cv_to_host_file_cmd=func_convert_file_noop
lt_cv_to_tool_file_cmd=func_convert_file_noop
lt_cv_truncate_bin='/usr/bin/dd bs=4096 count=1'
pkg_cv_OPENSSL_CFLAGS=
pkg_cv_OPENSSL_LIBS='-lssl -lcrypto'

## ----------------- ##
## Output variables. ##
## ----------------- ##

ACLOCAL='${SHELL} '\''/workspaces/IRC/irssi-1.4.5/build-aux/missing'\'' aclocal-1.16'
AMDEPBACKSLASH='\'
AMDEP_FALSE='#'
AMDEP_TRUE=''
AMTAR='$${TAR-tar}'
AM_BACKSLASH='\'
AM_DEFAULT_V='$(AM_DEFAULT_VERBOSITY)'
AM_DEFAULT_VERBOSITY='0'
AM_V='$(V)'
AR='ar'
AUTOCONF='${SHELL} '\''/workspaces/IRC/irssi-1.4.5/build-aux/missing'\'' autoconf'
AUTOHEADER='${SHELL} '\''/workspaces/IRC/irssi-1.4.5/build-aux/missing'\'' autoheader'
AUTOMAKE='${SHELL} '\''/workspaces/IRC/irssi-1.4.5/build-aux/missing'\'' automake-1.16'
AWK='gawk'
BUILD_IRSSIBOT_FALSE=''
BUILD_IRSSIBOT_TRUE='#'
BUILD_IRSSIFUZZER_FALSE=''
BUILD_IRSSIFUZZER_TRUE='#'
BUILD_IRSSIPROXY_FALSE=''
BUILD_IRSSIPROXY_TRUE='#'
BUILD_TEXTUI_FALSE='#'
BUILD_TEXTUI_TRUE=''
CC='gcc'
CCDEPMODE='depmode=gcc3'
CFLAGS='-g -O2 -Wall '
CHAT_MODULES='irc'
COMMON_LIBS='../fe-common/irc/libfe_common_irc.a ../fe-common/irc/dcc/libfe_irc_dcc.a ../fe-common/irc/notifylist/libfe_irc_notifylist.a ../fe-common/core/libfe_common_core.a  ../irc/libirc.a ../irc/core/libirc_core.a ../irc/dcc/libirc_dcc.a ../irc/flood/libirc_flood.a ../irc/notifylist/libirc_notifylist.a ../core/libcore.a ../lib-config/libirssi_config.a'
COMMON_NOUI_LIBS=' ../irc/libirc.a ../irc/core/libirc_core.a ../irc/dcc/libirc_dcc.a ../irc/flood/libirc_flood.a ../irc/notifylist/libirc_notifylist.a ../core/libcore.a ../lib-config/libirssi_config.a'
CPP='gcc -E'
CPPFLAGS=''
CSCOPE='cscope'
CTAGS='ctags'
CYGPATH_W='echo'
DEFS='-DHAVE_CONFIG_H'
DEPDIR='.deps'
DLLTOOL='false'
DSYMUTIL=''
DUMPBIN=''
ECHO_C=''
ECHO_N='-n'
ECHO_T=''
EGREP='/usr/bin/grep -E'
ENABLE_ALWAYS_BUILD_TESTS_FALSE=''
ENABLE_ALWAYS_BUILD_TESTS_TRUE='#'
ENABLE_INSTALLED_TESTS_FALSE=''
ENABLE_INSTALLED_TESTS_TRUE='#'
ETAGS='etags'
EXEEXT=''
FGREP='/usr/bin/grep -F'
FILECMD='file'
FUZZER_LIBS=''
GLIB_CFLAGS='-pthread -I/usr/include/glib-2.0 -I/usr/lib/x86_64-linux-gnu/glib-2.0/include'
GLIB_GENMARSHAL='/usr/bin/glib-genmarshal'
GLIB_LIBS='-Wl,--export-dynamic -lgmodule-2.0 -pthread -lglib-2.0'
GLIB_MKENUMS='/usr/bin/glib-mkenums'
GOBJECT_QUERY='/usr/bin/gobject-query'
GREP='/usr/bin/grep'
HAVE_CAPSICUM_FALSE=''
HAVE_CAPSICUM_TRUE='#'
HAVE_OTR_FALSE=''
HAVE_OTR_TRUE='#'
HAVE_PERL_FALSE=''
HAVE_PERL_TRUE='#'
INSTALL_DATA='${INSTALL} -m 644'
INSTALL_PROGRAM='${INSTALL}'
INSTALL_SCRIPT='${INSTALL}'
INSTALL_STRIP_PROGRAM='$(install_sh) -c -s'
LD='/usr/bin/ld -m elf_x86_64'
LDFLAGS=''
LIBGCRYPT_CFLAGS=''
LIBGCRYPT_CONFIG=''
LIBGCRYPT_LIBS=''
LIBOBJS=''
LIBOTR_CFLAGS=''
LIBOTR_LIBS=''
LIBS=''
LIBTOOL='$(SHELL) $(top_builddir)/libtool'
LIPO=''
LN_S='ln -s'
LTLIBOBJS=''
LT_SYS_LIBRARY_PATH=''
MAINT='#'
MAINTAINER_MODE_FALSE=''
MAINTAINER_MODE_TRUE='#'
MAKEINFO='${SHELL} '\''/workspaces/IRC/irssi-1.4.5/build-aux/missing'\'' makeinfo'
MANIFEST_TOOL=':'
MKDIR_P='/usr/bin/mkdir -p'
NM='/usr/bin/nm -B'
NMEDIT=''
OBJDUMP='objdump'
OBJEXT='o'
OPENSSL_CFLAGS=''
OPENSSL_LIBS='-lssl -lcrypto'
OTOOL64=''
OTOOL=''
OTR_CFLAGS=''
OTR_LDFLAGS=''
OTR_LINK_FLAGS=''
OTR_LINK_LIBS=''
PACKAGE='irssi'
PACKAGE_BUGREPORT=''
PACKAGE_NAME='irssi'
PACKAGE_STRING='irssi 1.4.5'
PACKAGE_TARNAME='irssi'
PACKAGE_URL=''
PACKAGE_VERSION='1.4.5'
PATH_SEPARATOR=':'
PERL_CFLAGS=' -D_REENTRANT -D_GNU_SOURCE -DDEBIAN -fwrapv -fno-strict-aliasing -pipe -I/usr/local/include -D_LARGEFILE_SOURCE -D_FILE_OFFSET_BITS=64  -I/usr/lib/x86_64-linux-gnu/perl/5.30/CORE '
PERL_EXTRA_OPTS=''
PERL_FE_LINK_LIBS=''
PERL_LDFLAGS='-Wl,-E -fstack-protector-strong -L/usr/local/lib -L/usr/lib/x86_64-linux-gnu/perl/5.30/CORE -lperl -ldl -lm -lpthread -lcrypt'
PERL_LINK_FLAGS=''
PERL_LINK_LIBS=''
PERL_MM_OPT=''
PERL_MM_PARAMS=''
PERL_STATIC_LIBS=''
PERL_USE_LIB=''
PKG_CONFIG='/usr/bin/pkg-config'
PKG_CONFIG_LIBDIR=''
PKG_CONFIG_PATH=''
PROG_LIBS=' -Wl,--export-dynamic -lgmodule-2.0 -pthread -lglib-2.0 -lssl -lcrypto'
RANLIB='ranlib'
SED='/usr/bin/sed'
SET_MAKE=''
SHELL='/bin/bash'
STRIP='strip'
TEXTUI_LIBS='-ltinfo '
USE_GREGEX_FALSE='#'
USE_GREGEX_TRUE=''
VERSION='1.4.5'
ac_ct_AR='ar'
ac_ct_CC='gcc'
ac_ct_DUMPBIN=''
am__EXEEXT_FALSE=''
am__EXEEXT_TRUE='#'
am__fastdepCC_FALSE='#'
am__fastdepCC_TRUE=''
am__include='include'
am__isrc=''
am__leading_dot='.'
am__nodep='_no'
am__quote=''
am__tar='$${TAR-tar} chof - "$$tardir"'
am__untar='$${TAR-tar} xf -'
bindir='${exec_prefix}/bin'
build='x86_64-unknown-linux-gnu'
build_alias=''
build_cpu='x86_64'
build_os='linux-gnu'
build_vendor='unknown'
datadir='${datarootdir}'
datarootdir='${prefix}/share'
docdir='${datarootdir}/doc/${PACKAGE_TARNAME}'
dvidir='${docdir}'
exec_prefix='${prefix}'
host='x86_64-unknown-linux-gnu'
host_alias=''
host_cpu='x86_64'
host_os='linux-gnu'
host_vendor='unknown'
htmldir='${docdir}'
includedir='${prefix}/include'
infodir='${datarootdir}/info'
install_sh='${SHELL} /workspaces/IRC/irssi-1.4.5/build-aux/install-sh'
installed_test_metadir=''
installed_testdir=''
irc_MODULES='dcc flood notifylist'
libdir='${exec_prefix}/lib'
libexecdir='${exec_prefix}/libexec'
localedir='${datarootdir}/locale'
localstatedir='${prefix}/var'
mandir='${datarootdir}/man'
mkdir_p='$(MKDIR_P)'
oldincludedir='/usr/include'
otr_module_lib=''
otr_static_lib=''
pdfdir='${docdir}'
perl_module_fe_lib=''
perl_module_lib=''
perl_static_fe_lib=''
perl_static_lib=''
perlpath='/usr/bin/perl'
pkgconfigdir='${libdir}/pkgconfig'
prefix='/usr/local'
program_transform_name='s,x,x,'
psdir='${docdir}'
runstatedir='${localstatedir}/run'
sbindir='${exec_prefix}/sbin'
sedpath='/usr/bin/sed'
sharedstatedir='${prefix}/com'
sysconfdir='${prefix}/etc'
target_alias=''

## ----------- ##
## confdefs.h. ##
## ----------- ##

/* confdefs.h */
#define PACKAGE_NAME "irssi"
#define PACKAGE_TARNAME "irssi"
#define PACKAGE_VERSION "1.4.5"
#define PACKAGE_STRING "irssi 1.4.5"
#define PACKAGE_BUGREPORT ""
#define PACKAGE_URL ""
#define HAVE_STDIO_H 1
#define HAVE_STDLIB_H 1
#define HAVE_STRING_H 1
#define HAVE_INTTYPES_H 1
#define HAVE_STDINT_H 1
#define HAVE_STRINGS_H 1
#define HAVE_SYS_STAT_H 1
#define HAVE_SYS_TYPES_H 1
#define HAVE_UNISTD_H 1
#define STDC_HEADERS 1
#define HAVE_DLFCN_H 1
#define LT_OBJDIR ".libs/"
#define HAVE_UNISTD_H 1
#define HAVE_DIRENT_H 1
#define HAVE_SYS_IOCTL_H 1
#define HAVE_SYS_RESOURCE_H 1
#define HAVE_SYS_SOCKET_H 1
#define HAVE_SYS_TIME_H 1
#define HAVE_SYS_UTSNAME_H 1
#define SIZEOF_INT 4
#define SIZEOF_LONG 8
#define SIZEOF_LONG_LONG 8
#define SIZEOF_OFF_T 8
#define HAVE_GMODULE 1
#define HAVE_TERM_H /**/
#define USE_GREGEX /**/
#define FHS_PREFIX ""

configure: exit 0
